<?xml version="1.0" encoding="UTF-8"?>
<testsuite xmlns:xsi="http://www.w3.org/2001/XMLSchema-instance" xsi:noNamespaceSchemaLocation="https://maven.apache.org/surefire/maven-surefire-plugin/xsd/surefire-test-report-3.0.xsd" version="3.0" name="com.compiler.JackAnalyzerTest" time="0.421" tests="17" errors="0" skipped="0" failures="0">
  <properties>
    <property name="java.specification.version" value="21"/>
    <property name="sun.jnu.encoding" value="UTF-8"/>
    <property name="java.class.path" value="/home/karan/Project/working/NandToTetris/JackAnalyzer/target/test-classes:/home/karan/Project/working/NandToTetris/JackAnalyzer/target/classes:/home/karan/.m2/repository/org/junit/jupiter/junit-jupiter-api/5.11.0/junit-jupiter-api-5.11.0.jar:/home/karan/.m2/repository/org/opentest4j/opentest4j/1.3.0/opentest4j-1.3.0.jar:/home/karan/.m2/repository/org/junit/platform/junit-platform-commons/1.11.0/junit-platform-commons-1.11.0.jar:/home/karan/.m2/repository/org/apiguardian/apiguardian-api/1.1.2/apiguardian-api-1.1.2.jar:/home/karan/.m2/repository/org/junit/jupiter/junit-jupiter-engine/5.11.0/junit-jupiter-engine-5.11.0.jar:/home/karan/.m2/repository/org/junit/platform/junit-platform-engine/1.11.0/junit-platform-engine-1.11.0.jar:/home/karan/.m2/repository/org/junit/jupiter/junit-jupiter-params/5.11.0/junit-jupiter-params-5.11.0.jar:/home/karan/.m2/repository/org/apache/commons/commons-lang3/3.14.0/commons-lang3-3.14.0.jar:"/>
    <property name="java.vm.vendor" value="Ubuntu"/>
    <property name="sun.arch.data.model" value="64"/>
    <property name="java.vendor.url" value="https://ubuntu.com/"/>
    <property name="os.name" value="Linux"/>
    <property name="java.vm.specification.version" value="21"/>
    <property name="sun.java.launcher" value="SUN_STANDARD"/>
    <property name="user.country" value="IN"/>
    <property name="sun.boot.library.path" value="/usr/lib/jvm/java-21-openjdk-amd64/lib"/>
    <property name="sun.java.command" value="/home/karan/Project/working/NandToTetris/JackAnalyzer/target/surefire/surefirebooter-20241109233638238_3.jar /home/karan/Project/working/NandToTetris/JackAnalyzer/target/surefire 2024-11-09T23-36-38_175-jvmRun1 surefire-20241109233638238_1tmp surefire_0-20241109233638238_2tmp"/>
    <property name="jdk.debug" value="release"/>
    <property name="surefire.test.class.path" value="/home/karan/Project/working/NandToTetris/JackAnalyzer/target/test-classes:/home/karan/Project/working/NandToTetris/JackAnalyzer/target/classes:/home/karan/.m2/repository/org/junit/jupiter/junit-jupiter-api/5.11.0/junit-jupiter-api-5.11.0.jar:/home/karan/.m2/repository/org/opentest4j/opentest4j/1.3.0/opentest4j-1.3.0.jar:/home/karan/.m2/repository/org/junit/platform/junit-platform-commons/1.11.0/junit-platform-commons-1.11.0.jar:/home/karan/.m2/repository/org/apiguardian/apiguardian-api/1.1.2/apiguardian-api-1.1.2.jar:/home/karan/.m2/repository/org/junit/jupiter/junit-jupiter-engine/5.11.0/junit-jupiter-engine-5.11.0.jar:/home/karan/.m2/repository/org/junit/platform/junit-platform-engine/1.11.0/junit-platform-engine-1.11.0.jar:/home/karan/.m2/repository/org/junit/jupiter/junit-jupiter-params/5.11.0/junit-jupiter-params-5.11.0.jar:/home/karan/.m2/repository/org/apache/commons/commons-lang3/3.14.0/commons-lang3-3.14.0.jar:"/>
    <property name="sun.cpu.endian" value="little"/>
    <property name="user.home" value="/home/karan"/>
    <property name="user.language" value="en"/>
    <property name="java.specification.vendor" value="Oracle Corporation"/>
    <property name="java.version.date" value="2024-07-16"/>
    <property name="java.home" value="/usr/lib/jvm/java-21-openjdk-amd64"/>
    <property name="file.separator" value="/"/>
    <property name="basedir" value="/home/karan/Project/working/NandToTetris/JackAnalyzer"/>
    <property name="java.vm.compressedOopsMode" value="Zero based"/>
    <property name="line.separator" value="&#10;"/>
    <property name="java.specification.name" value="Java Platform API Specification"/>
    <property name="java.vm.specification.vendor" value="Oracle Corporation"/>
    <property name="surefire.real.class.path" value="/home/karan/Project/working/NandToTetris/JackAnalyzer/target/surefire/surefirebooter-20241109233638238_3.jar"/>
    <property name="sun.management.compiler" value="HotSpot 64-Bit Tiered Compilers"/>
    <property name="java.runtime.version" value="21.0.4+7-Ubuntu-1ubuntu222.04"/>
    <property name="user.name" value="karan"/>
    <property name="stdout.encoding" value="UTF-8"/>
    <property name="path.separator" value=":"/>
    <property name="os.version" value="6.8.0-48-generic"/>
    <property name="java.runtime.name" value="OpenJDK Runtime Environment"/>
    <property name="file.encoding" value="UTF-8"/>
    <property name="java.vm.name" value="OpenJDK 64-Bit Server VM"/>
    <property name="localRepository" value="/home/karan/.m2/repository"/>
    <property name="java.vendor.url.bug" value="https://bugs.launchpad.net/ubuntu/+source/openjdk-21"/>
    <property name="java.io.tmpdir" value="/tmp"/>
    <property name="java.version" value="21.0.4"/>
    <property name="user.dir" value="/home/karan/Project/working/NandToTetris/JackAnalyzer"/>
    <property name="os.arch" value="amd64"/>
    <property name="java.vm.specification.name" value="Java Virtual Machine Specification"/>
    <property name="native.encoding" value="UTF-8"/>
    <property name="java.library.path" value="/home/karan/.mujoco/mujoco210/bin:/usr/lib/nvidia:/home/karan/Documents/Notes/Sem_VII/Crypto/codes/gurobi/tools/linux64/lib:/usr/java/packages/lib:/usr/lib/x86_64-linux-gnu/jni:/lib/x86_64-linux-gnu:/usr/lib/x86_64-linux-gnu:/usr/lib/jni:/lib:/usr/lib"/>
    <property name="java.vm.info" value="mixed mode, sharing"/>
    <property name="stderr.encoding" value="UTF-8"/>
    <property name="java.vendor" value="Ubuntu"/>
    <property name="java.vm.version" value="21.0.4+7-Ubuntu-1ubuntu222.04"/>
    <property name="sun.io.unicode.encoding" value="UnicodeLittle"/>
    <property name="java.class.version" value="65.0"/>
  </properties>
  <testcase name="testJackAnalyzerWithDirectories(String)[1]" classname="com.compiler.JackAnalyzerTest" time="0.07">
    <system-out><![CDATA[Testing directory: ArrayTest
Processed Tokens src/main/resources/ArrayTest/Main.jack -> /home/karan/Project/working/NandToTetris/JackAnalyzer/out/ArrayTest_Out/MainT.xml
Processed src/main/resources/ArrayTest/Main.jack -> /home/karan/Project/working/NandToTetris/JackAnalyzer/out/ArrayTest_Out/Main.xml
/home/karan/Project/working/NandToTetris/JackAnalyzer/out/ArrayTest_Out/Main.xml
]]></system-out>
  </testcase>
  <testcase name="testJackAnalyzerWithDirectories(String)[2]" classname="com.compiler.JackAnalyzerTest" time="0.066">
    <system-out><![CDATA[Testing directory: ExpressionLessSquare
Processed Tokens src/main/resources/ExpressionLessSquare/Main.jack -> /home/karan/Project/working/NandToTetris/JackAnalyzer/out/ExpressionLessSquare_Out/MainT.xml
Processed src/main/resources/ExpressionLessSquare/Main.jack -> /home/karan/Project/working/NandToTetris/JackAnalyzer/out/ExpressionLessSquare_Out/Main.xml
Processed Tokens src/main/resources/ExpressionLessSquare/Square.jack -> /home/karan/Project/working/NandToTetris/JackAnalyzer/out/ExpressionLessSquare_Out/SquareT.xml
Processed src/main/resources/ExpressionLessSquare/Square.jack -> /home/karan/Project/working/NandToTetris/JackAnalyzer/out/ExpressionLessSquare_Out/Square.xml
Processed Tokens src/main/resources/ExpressionLessSquare/SquareGame.jack -> /home/karan/Project/working/NandToTetris/JackAnalyzer/out/ExpressionLessSquare_Out/SquareGameT.xml
Processed src/main/resources/ExpressionLessSquare/SquareGame.jack -> /home/karan/Project/working/NandToTetris/JackAnalyzer/out/ExpressionLessSquare_Out/SquareGame.xml
/home/karan/Project/working/NandToTetris/JackAnalyzer/out/ExpressionLessSquare_Out/Main.xml
/home/karan/Project/working/NandToTetris/JackAnalyzer/out/ExpressionLessSquare_Out/Square.xml
/home/karan/Project/working/NandToTetris/JackAnalyzer/out/ExpressionLessSquare_Out/SquareGame.xml
]]></system-out>
  </testcase>
  <testcase name="testJackAnalyzerWithDirectories(String)[3]" classname="com.compiler.JackAnalyzerTest" time="0.051">
    <system-out><![CDATA[Testing directory: Square
Processed Tokens src/main/resources/Square/Main.jack -> /home/karan/Project/working/NandToTetris/JackAnalyzer/out/Square_Out/MainT.xml
Processed src/main/resources/Square/Main.jack -> /home/karan/Project/working/NandToTetris/JackAnalyzer/out/Square_Out/Main.xml
Processed Tokens src/main/resources/Square/Square.jack -> /home/karan/Project/working/NandToTetris/JackAnalyzer/out/Square_Out/SquareT.xml
Processed src/main/resources/Square/Square.jack -> /home/karan/Project/working/NandToTetris/JackAnalyzer/out/Square_Out/Square.xml
Processed Tokens src/main/resources/Square/SquareGame.jack -> /home/karan/Project/working/NandToTetris/JackAnalyzer/out/Square_Out/SquareGameT.xml
Processed src/main/resources/Square/SquareGame.jack -> /home/karan/Project/working/NandToTetris/JackAnalyzer/out/Square_Out/SquareGame.xml
/home/karan/Project/working/NandToTetris/JackAnalyzer/out/Square_Out/Main.xml
/home/karan/Project/working/NandToTetris/JackAnalyzer/out/Square_Out/Square.xml
/home/karan/Project/working/NandToTetris/JackAnalyzer/out/Square_Out/SquareGame.xml
]]></system-out>
  </testcase>
  <testcase name="testJackAnalyzerTokensWithFiles(String)[1]" classname="com.compiler.JackAnalyzerTest" time="0.007">
    <system-out><![CDATA[Processed Tokens /home/karan/Project/working/NandToTetris/JackAnalyzer/src/main/resources/ArrayTest/Main.jack -> /home/karan/Project/working/NandToTetris/JackAnalyzer/out/MainT.xml
Processed /home/karan/Project/working/NandToTetris/JackAnalyzer/src/main/resources/ArrayTest/Main.jack -> /home/karan/Project/working/NandToTetris/JackAnalyzer/out/Main.xml
]]></system-out>
  </testcase>
  <testcase name="testJackAnalyzerTokensWithFiles(String)[2]" classname="com.compiler.JackAnalyzerTest" time="0.006">
    <system-out><![CDATA[Processed Tokens /home/karan/Project/working/NandToTetris/JackAnalyzer/src/main/resources/ExpressionLessSquare/Main.jack -> /home/karan/Project/working/NandToTetris/JackAnalyzer/out/MainT.xml
Processed /home/karan/Project/working/NandToTetris/JackAnalyzer/src/main/resources/ExpressionLessSquare/Main.jack -> /home/karan/Project/working/NandToTetris/JackAnalyzer/out/Main.xml
]]></system-out>
  </testcase>
  <testcase name="testJackAnalyzerTokensWithFiles(String)[3]" classname="com.compiler.JackAnalyzerTest" time="0.013">
    <system-out><![CDATA[Processed Tokens /home/karan/Project/working/NandToTetris/JackAnalyzer/src/main/resources/ExpressionLessSquare/Square.jack -> /home/karan/Project/working/NandToTetris/JackAnalyzer/out/SquareT.xml
Processed /home/karan/Project/working/NandToTetris/JackAnalyzer/src/main/resources/ExpressionLessSquare/Square.jack -> /home/karan/Project/working/NandToTetris/JackAnalyzer/out/Square.xml
]]></system-out>
  </testcase>
  <testcase name="testJackAnalyzerTokensWithFiles(String)[4]" classname="com.compiler.JackAnalyzerTest" time="0.011">
    <system-out><![CDATA[Processed Tokens /home/karan/Project/working/NandToTetris/JackAnalyzer/src/main/resources/ExpressionLessSquare/SquareGame.jack -> /home/karan/Project/working/NandToTetris/JackAnalyzer/out/SquareGameT.xml
Processed /home/karan/Project/working/NandToTetris/JackAnalyzer/src/main/resources/ExpressionLessSquare/SquareGame.jack -> /home/karan/Project/working/NandToTetris/JackAnalyzer/out/SquareGame.xml
]]></system-out>
  </testcase>
  <testcase name="testJackAnalyzerTokensWithFiles(String)[5]" classname="com.compiler.JackAnalyzerTest" time="0.007">
    <system-out><![CDATA[Processed Tokens /home/karan/Project/working/NandToTetris/JackAnalyzer/src/main/resources/Square/Main.jack -> /home/karan/Project/working/NandToTetris/JackAnalyzer/out/MainT.xml
Processed /home/karan/Project/working/NandToTetris/JackAnalyzer/src/main/resources/Square/Main.jack -> /home/karan/Project/working/NandToTetris/JackAnalyzer/out/Main.xml
]]></system-out>
  </testcase>
  <testcase name="testJackAnalyzerTokensWithFiles(String)[6]" classname="com.compiler.JackAnalyzerTest" time="0.029">
    <system-out><![CDATA[Processed Tokens /home/karan/Project/working/NandToTetris/JackAnalyzer/src/main/resources/Square/Square.jack -> /home/karan/Project/working/NandToTetris/JackAnalyzer/out/SquareT.xml
Processed /home/karan/Project/working/NandToTetris/JackAnalyzer/src/main/resources/Square/Square.jack -> /home/karan/Project/working/NandToTetris/JackAnalyzer/out/Square.xml
]]></system-out>
  </testcase>
  <testcase name="testJackAnalyzerTokensWithFiles(String)[7]" classname="com.compiler.JackAnalyzerTest" time="0.02">
    <system-out><![CDATA[Processed Tokens /home/karan/Project/working/NandToTetris/JackAnalyzer/src/main/resources/Square/SquareGame.jack -> /home/karan/Project/working/NandToTetris/JackAnalyzer/out/SquareGameT.xml
Processed /home/karan/Project/working/NandToTetris/JackAnalyzer/src/main/resources/Square/SquareGame.jack -> /home/karan/Project/working/NandToTetris/JackAnalyzer/out/SquareGame.xml
]]></system-out>
  </testcase>
  <testcase name="testJackAnalyzerWithFiles(String)[1]" classname="com.compiler.JackAnalyzerTest" time="0.01">
    <system-out><![CDATA[Processed Tokens /home/karan/Project/working/NandToTetris/JackAnalyzer/src/main/resources/ArrayTest/Main.jack -> /home/karan/Project/working/NandToTetris/JackAnalyzer/out/MainT.xml
Processed /home/karan/Project/working/NandToTetris/JackAnalyzer/src/main/resources/ArrayTest/Main.jack -> /home/karan/Project/working/NandToTetris/JackAnalyzer/out/Main.xml
]]></system-out>
  </testcase>
  <testcase name="testJackAnalyzerWithFiles(String)[2]" classname="com.compiler.JackAnalyzerTest" time="0.004">
    <system-out><![CDATA[Processed Tokens /home/karan/Project/working/NandToTetris/JackAnalyzer/src/main/resources/ExpressionLessSquare/Main.jack -> /home/karan/Project/working/NandToTetris/JackAnalyzer/out/MainT.xml
Processed /home/karan/Project/working/NandToTetris/JackAnalyzer/src/main/resources/ExpressionLessSquare/Main.jack -> /home/karan/Project/working/NandToTetris/JackAnalyzer/out/Main.xml
]]></system-out>
  </testcase>
  <testcase name="testJackAnalyzerWithFiles(String)[3]" classname="com.compiler.JackAnalyzerTest" time="0.017">
    <system-out><![CDATA[Processed Tokens /home/karan/Project/working/NandToTetris/JackAnalyzer/src/main/resources/ExpressionLessSquare/Square.jack -> /home/karan/Project/working/NandToTetris/JackAnalyzer/out/SquareT.xml
Processed /home/karan/Project/working/NandToTetris/JackAnalyzer/src/main/resources/ExpressionLessSquare/Square.jack -> /home/karan/Project/working/NandToTetris/JackAnalyzer/out/Square.xml
]]></system-out>
  </testcase>
  <testcase name="testJackAnalyzerWithFiles(String)[4]" classname="com.compiler.JackAnalyzerTest" time="0.014">
    <system-out><![CDATA[Processed Tokens /home/karan/Project/working/NandToTetris/JackAnalyzer/src/main/resources/ExpressionLessSquare/SquareGame.jack -> /home/karan/Project/working/NandToTetris/JackAnalyzer/out/SquareGameT.xml
Processed /home/karan/Project/working/NandToTetris/JackAnalyzer/src/main/resources/ExpressionLessSquare/SquareGame.jack -> /home/karan/Project/working/NandToTetris/JackAnalyzer/out/SquareGame.xml
]]></system-out>
  </testcase>
  <testcase name="testJackAnalyzerWithFiles(String)[5]" classname="com.compiler.JackAnalyzerTest" time="0.008">
    <system-out><![CDATA[Processed Tokens /home/karan/Project/working/NandToTetris/JackAnalyzer/src/main/resources/Square/Main.jack -> /home/karan/Project/working/NandToTetris/JackAnalyzer/out/MainT.xml
Processed /home/karan/Project/working/NandToTetris/JackAnalyzer/src/main/resources/Square/Main.jack -> /home/karan/Project/working/NandToTetris/JackAnalyzer/out/Main.xml
]]></system-out>
  </testcase>
  <testcase name="testJackAnalyzerWithFiles(String)[6]" classname="com.compiler.JackAnalyzerTest" time="0.029">
    <system-out><![CDATA[Processed Tokens /home/karan/Project/working/NandToTetris/JackAnalyzer/src/main/resources/Square/Square.jack -> /home/karan/Project/working/NandToTetris/JackAnalyzer/out/SquareT.xml
Processed /home/karan/Project/working/NandToTetris/JackAnalyzer/src/main/resources/Square/Square.jack -> /home/karan/Project/working/NandToTetris/JackAnalyzer/out/Square.xml
]]></system-out>
  </testcase>
  <testcase name="testJackAnalyzerWithFiles(String)[7]" classname="com.compiler.JackAnalyzerTest" time="0.009">
    <system-out><![CDATA[Processed Tokens /home/karan/Project/working/NandToTetris/JackAnalyzer/src/main/resources/Square/SquareGame.jack -> /home/karan/Project/working/NandToTetris/JackAnalyzer/out/SquareGameT.xml
Processed /home/karan/Project/working/NandToTetris/JackAnalyzer/src/main/resources/Square/SquareGame.jack -> /home/karan/Project/working/NandToTetris/JackAnalyzer/out/SquareGame.xml
]]></system-out>
  </testcase>
</testsuite>